[2014-01-20 22:24:30.501] [INFO] normal - GET /
[2014-01-20 22:24:31.665] [WARN] normal - GET /login
[2014-01-20 22:24:34.382] [WARN] normal - POST /asami/GetCallInfo
[2014-01-20 22:25:05.303] [INFO] normal - POST /
[2014-01-20 22:25:07.646] [INFO] normal - GET /RemindReacords/index?uid=2
[2014-01-20 22:25:09.461] [WARN] normal - POST /asami/GetCallInfo
[2014-01-20 22:25:11.438] [INFO] normal - GET /OrderRecords
[2014-01-20 22:25:12.251] [INFO] normal - POST /selectdb/
[2014-01-20 22:25:12.461] [INFO] normal - POST /selectdb/
[2014-01-20 22:25:12.530] [INFO] normal - GET /selectdb/pagingsearch?dbname=crm/OrderRecords&cls=id___OrderTypeid___orderContent___uphone___uaddr___orderReslut___DepID___dactorName___serMan___cID___OrderOptions___recordTime___orderTime___id&where=,,,,,serMan:::::undefined,,,,,DepID:::::-1,,,,,dactorName:::::undefined,,,,,orderReslut:::::,,,,,orderContent:::::like|||||,,,,,uphone:::::like|||||,,,,,uaddr:::::like|||||,,,,,id:::::&random=0.2812048683408648&sEcho=1&iColumns=12&sColumns=&iDisplayStart=0&iDisplayLength=10&mDataProp_0=id&mDataProp_1=cID&mDataProp_2=uaddr&mDataProp_3=orderContent&mDataProp_4=uphone&mDataProp_5=DepID&mDataProp_6=dactorName&mDataProp_7=orderReslut&mDataProp_8=serMan&mDataProp_9=OrderOptions&mDataProp_10=orderTime&mDataProp_11=id&_=1390227912218
[2014-01-20 22:25:12.644] [INFO] normal - POST /selectdb/
[2014-01-20 22:25:12.722] [INFO] normal - POST /selectdb/
[2014-01-20 22:25:12.810] [INFO] normal - POST /selectdb/
[2014-01-20 22:25:12.889] [INFO] normal - POST /selectdb/
[2014-01-20 22:25:13.154] [INFO] normal - POST /asami/GetCallInfo
[2014-01-20 22:25:16.090] [INFO] normal - POST /asami/GetCallInfo
[2014-01-20 22:25:16.963] [INFO] normal - POST /OrderRecords/getOrder
[2014-01-20 22:25:19.092] [INFO] normal - POST /asami/GetCallInfo
[2014-01-20 22:25:22.093] [INFO] normal - POST /asami/GetCallInfo
[2014-01-20 22:25:25.092] [INFO] normal - POST /asami/GetCallInfo
[2014-01-20 22:25:27.621] [INFO] normal - POST /OrderRecords/huiFang
[2014-01-20 22:25:29.514] [INFO] normal - POST /asami/GetCallInfo
[2014-01-20 22:25:55.000] [INFO] normal - POST /asami/GetCallInfo
[2014-01-20 22:25:55.013] [INFO] normal - POST /asami/GetCallInfo
[2014-01-20 22:25:55.032] [INFO] normal - POST /asami/GetCallInfo
[2014-01-20 22:25:55.041] [INFO] normal - POST /asami/GetCallInfo
[2014-01-20 22:25:55.049] [INFO] normal - POST /asami/GetCallInfo
[2014-01-20 22:25:55.055] [INFO] normal - POST /asami/GetCallInfo
[2014-01-20 22:25:55.092] [INFO] normal - POST /asami/GetCallInfo
[2014-01-20 22:25:55.112] [INFO] normal - POST /asami/GetCallInfo
[2014-01-20 22:25:56.522] [INFO] normal - POST /asami/GetCallInfo
[2014-01-20 22:25:59.522] [INFO] normal - POST /asami/GetCallInfo
[2014-01-20 22:26:02.524] [INFO] normal - POST /asami/GetCallInfo
[2014-01-20 22:26:04.357] [INFO] normal - GET /
[2014-01-20 22:26:04.429] [WARN] normal - GET /login
